C:\USERS\HUANGLAOSHI\DOCUMENTS\GITHUB\ENHENCE\2D_DWT_IN_C_PROGRAMMING_LANGUAGE\WAVELET\DEBUG\WAVELET.EXE
C:\USERS\HUANGLAOSHI\DOCUMENTS\GITHUB\ENHENCE\2D_DWT_IN_C_PROGRAMMING_LANGUAGE\WAVELET\DEBUG\WAVELET.PDB
C:\Users\huanglaoshi\Documents\GitHub\enhence\2D_DWT_In_C_Programming_Language\wavelet\wavelet\Debug\cl.command.1.tlog
C:\Users\huanglaoshi\Documents\GitHub\enhence\2D_DWT_In_C_Programming_Language\wavelet\wavelet\Debug\CL.read.1.tlog
C:\Users\huanglaoshi\Documents\GitHub\enhence\2D_DWT_In_C_Programming_Language\wavelet\wavelet\Debug\CL.write.1.tlog
C:\Users\huanglaoshi\Documents\GitHub\enhence\2D_DWT_In_C_Programming_Language\wavelet\wavelet\Debug\link.command.1.tlog
C:\Users\huanglaoshi\Documents\GitHub\enhence\2D_DWT_In_C_Programming_Language\wavelet\wavelet\Debug\link.read.1.tlog
C:\Users\huanglaoshi\Documents\GitHub\enhence\2D_DWT_In_C_Programming_Language\wavelet\wavelet\Debug\link.write.1.tlog
C:\Users\huanglaoshi\Documents\GitHub\enhence\2D_DWT_In_C_Programming_Language\wavelet\wavelet\Debug\mt.command.1.tlog
C:\Users\huanglaoshi\Documents\GitHub\enhence\2D_DWT_In_C_Programming_Language\wavelet\wavelet\Debug\mt.read.1.tlog
C:\Users\huanglaoshi\Documents\GitHub\enhence\2D_DWT_In_C_Programming_Language\wavelet\wavelet\Debug\mt.write.1.tlog
C:\Users\huanglaoshi\Documents\GitHub\enhence\2D_DWT_In_C_Programming_Language\wavelet\wavelet\Debug\rc.command.1.tlog
C:\Users\huanglaoshi\Documents\GitHub\enhence\2D_DWT_In_C_Programming_Language\wavelet\wavelet\Debug\rc.read.1.tlog
C:\Users\huanglaoshi\Documents\GitHub\enhence\2D_DWT_In_C_Programming_Language\wavelet\wavelet\Debug\rc.write.1.tlog
C:\Users\huanglaoshi\Documents\GitHub\enhence\2D_DWT_In_C_Programming_Language\wavelet\wavelet\Debug\vc100.idb
C:\USERS\HUANGLAOSHI\DOCUMENTS\GITHUB\ENHENCE\2D_DWT_IN_C_PROGRAMMING_LANGUAGE\WAVELET\WAVELET\DEBUG\VC100.PDB
C:\USERS\HUANGLAOSHI\DOCUMENTS\GITHUB\ENHENCE\2D_DWT_IN_C_PROGRAMMING_LANGUAGE\WAVELET\WAVELET\DEBUG\WAVEDEC2.OBJ
C:\Users\huanglaoshi\Documents\GitHub\enhence\2D_DWT_In_C_Programming_Language\wavelet\wavelet\Debug\wavelet.exe.embed.manifest
C:\Users\huanglaoshi\Documents\GitHub\enhence\2D_DWT_In_C_Programming_Language\wavelet\wavelet\Debug\wavelet.exe.embed.manifest.res
C:\USERS\HUANGLAOSHI\DOCUMENTS\GITHUB\ENHENCE\2D_DWT_IN_C_PROGRAMMING_LANGUAGE\WAVELET\WAVELET\DEBUG\WAVELET.EXE.INTERMEDIATE.MANIFEST
C:\Users\huanglaoshi\Documents\GitHub\enhence\2D_DWT_In_C_Programming_Language\wavelet\wavelet\Debug\wavelet.vcxprojResolveAssemblyReference.cache
C:\Users\huanglaoshi\Documents\GitHub\enhence\2D_DWT_In_C_Programming_Language\wavelet\wavelet\Debug\wavelet.write.1.tlog
C:\Users\huanglaoshi\Documents\GitHub\enhence\2D_DWT_In_C_Programming_Language\wavelet\wavelet\Debug\wavelet_manifest.rc
C:\USERS\HUANGLAOSHI\DOCUMENTS\GITHUB\ENHENCE\2D_DWT_IN_C_PROGRAMMING_LANGUAGE\WAVELET\WAVELET\DEBUG\WAVEMAIN.OBJ
C:\USERS\HUANGLAOSHI\DOCUMENTS\VISUAL STUDIO 2010\PROJECTS\2D_DWT_IN_C_PROGRAMMING_LANGUAGE\WAVELET\DEBUG\WAVELET.EXE
C:\USERS\HUANGLAOSHI\DOCUMENTS\VISUAL STUDIO 2010\PROJECTS\2D_DWT_IN_C_PROGRAMMING_LANGUAGE\WAVELET\DEBUG\WAVELET.PDB
C:\USERS\HUANGLAOSHI\DOCUMENTS\VISUAL STUDIO 2010\PROJECTS\2D_DWT_IN_C_PROGRAMMING_LANGUAGE\WAVELET\WAVELET\DEBUG\VC100.PDB
C:\USERS\HUANGLAOSHI\DOCUMENTS\VISUAL STUDIO 2010\PROJECTS\2D_DWT_IN_C_PROGRAMMING_LANGUAGE\WAVELET\WAVELET\DEBUG\WAVEDEC2.OBJ
C:\USERS\HUANGLAOSHI\DOCUMENTS\VISUAL STUDIO 2010\PROJECTS\2D_DWT_IN_C_PROGRAMMING_LANGUAGE\WAVELET\WAVELET\DEBUG\WAVELET.EXE.EMBED.MANIFEST.RES
C:\USERS\HUANGLAOSHI\DOCUMENTS\VISUAL STUDIO 2010\PROJECTS\2D_DWT_IN_C_PROGRAMMING_LANGUAGE\WAVELET\WAVELET\DEBUG\WAVELET.EXE.INTERMEDIATE.MANIFEST
C:\USERS\HUANGLAOSHI\DOCUMENTS\VISUAL STUDIO 2010\PROJECTS\2D_DWT_IN_C_PROGRAMMING_LANGUAGE\WAVELET\WAVELET\DEBUG\WAVEMAIN.OBJ
