Build started 2014/7/2 9:32:01.
     1>Project "C:\Users\huanglaoshi\Documents\Visual Studio 2010\Projects\2D_DWT_In_C_Programming_Language\wavelet\wavelet\wavelet.vcxproj" on node 2 (build target(s)).
     1>InitializeBuildStatus:
         Touching "Debug\wavelet.unsuccessfulbuild".
       ClCompile:
         All outputs are up-to-date.
         All outputs are up-to-date.
       Link:
         D:\Program Files (x86)\Microsoft Visual Studio 10.0\VC\bin\link.exe /ERRORREPORT:PROMPT /OUT:"C:\Users\huanglaoshi\Documents\Visual Studio 2010\Projects\2D_DWT_In_C_Programming_Language\wavelet\Debug\wavelet.exe" /INCREMENTAL:NO /NOLOGO /LIBPATH:"C:\Program Files (x86)\Visual Leak Detector\lib\Win32" kernel32.lib user32.lib gdi32.lib winspool.lib comdlg32.lib advapi32.lib shell32.lib ole32.lib oleaut32.lib uuid.lib odbc32.lib odbccp32.lib /MANIFEST /ManifestFile:"Debug\wavelet.exe.intermediate.manifest" /MANIFESTUAC:"level='asInvoker' uiAccess='false'" /DEBUG /PDB:"C:\Users\huanglaoshi\Documents\Visual Studio 2010\Projects\2D_DWT_In_C_Programming_Language\wavelet\Debug\wavelet.pdb" /SUBSYSTEM:CONSOLE /TLBID:1 /DYNAMICBASE /NXCOMPAT /IMPLIB:"C:\Users\huanglaoshi\Documents\Visual Studio 2010\Projects\2D_DWT_In_C_Programming_Language\wavelet\Debug\wavelet.lib" /MACHINE:X86 Debug\waveDec2.obj
         Debug\waveMain.obj
     1>waveDec2.obj : warning LNK4075: ignoring '/EDITANDCONTINUE' due to '/INCREMENTAL:NO' specification
         wavelet.vcxproj -> C:\Users\huanglaoshi\Documents\Visual Studio 2010\Projects\2D_DWT_In_C_Programming_Language\wavelet\Debug\wavelet.exe
       Manifest:
         C:\Program Files (x86)\Microsoft SDKs\Windows\v7.0A\bin\mt.exe /nologo /verbose /outputresource:"C:\Users\huanglaoshi\Documents\Visual Studio 2010\Projects\2D_DWT_In_C_Programming_Language\wavelet\Debug\wavelet.exe;#1" /manifest Debug\wavelet.exe.intermediate.manifest
       FinalizeBuildStatus:
         Deleting file "Debug\wavelet.unsuccessfulbuild".
         Touching "Debug\wavelet.lastbuildstate".
     1>Done Building Project "C:\Users\huanglaoshi\Documents\Visual Studio 2010\Projects\2D_DWT_In_C_Programming_Language\wavelet\wavelet\wavelet.vcxproj" (build target(s)).

Build succeeded.

Time Elapsed 00:00:00.64
